  biome.cpp
E:\home\git\private_github\WorldImporter\WorldImporter\biome.cpp(1,1): warning C4819: 该文件包含不能在当前代码页(936)中表示的字符。请将该文件保存为 Unicode 格式以防止数据丢失
E:\home\git\private_github\WorldImporter\WorldImporter\include\stb_image_write.h(776,13): error C4996: 'sprintf': This function or variable may be unsafe. Consider using sprintf_s instead. To disable deprecation, use _CRT_SECURE_NO_WARNINGS. See online help for details.
  (编译源文件“biome.cpp”)
  
E:\home\git\private_github\WorldImporter\WorldImporter\biome.h(1,1): warning C4819: 该文件包含不能在当前代码页(936)中表示的字符。请将该文件保存为 Unicode 格式以防止数据丢失
  (编译源文件“biome.cpp”)
  
E:\home\git\private_github\WorldImporter\WorldImporter\biome.h(7,10): error C1083: 无法打开包括文件: “nlohmann/json.hpp”: No such file or directory
  (编译源文件“biome.cpp”)
  
  block.cpp
E:\home\git\private_github\WorldImporter\WorldImporter\block.cpp(3,10): error C1083: 无法打开包括文件: “nlohmann/json.hpp”: No such file or directory
  blockstate.cpp
E:\home\git\private_github\WorldImporter\WorldImporter\blockstate.h(1,1): warning C4819: 该文件包含不能在当前代码页(936)中表示的字符。请将该文件保存为 Unicode 格式以防止数据丢失
  (编译源文件“blockstate.cpp”)
  
E:\home\git\private_github\WorldImporter\WorldImporter\blockstate.h(9,10): error C1083: 无法打开包括文件: “nlohmann/json.hpp”: No such file or directory
  (编译源文件“blockstate.cpp”)
  
  EntityBlock.cpp
E:\home\git\private_github\WorldImporter\WorldImporter\EntityBlock.cpp(1,1): warning C4819: 该文件包含不能在当前代码页(936)中表示的字符。请将该文件保存为 Unicode 格式以防止数据丢失
E:\home\git\private_github\WorldImporter\WorldImporter\model.h(1,1): warning C4819: 该文件包含不能在当前代码页(936)中表示的字符。请将该文件保存为 Unicode 格式以防止数据丢失
  (编译源文件“EntityBlock.cpp”)
  
E:\home\git\private_github\WorldImporter\WorldImporter\model.h(9,10): error C1083: 无法打开包括文件: “nlohmann/json.hpp”: No such file or directory
  (编译源文件“EntityBlock.cpp”)
  
  fileutils.cpp
E:\home\git\private_github\WorldImporter\WorldImporter\fileutils.h(1,1): warning C4819: 该文件包含不能在当前代码页(936)中表示的字符。请将该文件保存为 Unicode 格式以防止数据丢失
  (编译源文件“fileutils.cpp”)
  
E:\home\git\private_github\WorldImporter\WorldImporter\block.h(1,1): warning C4819: 该文件包含不能在当前代码页(936)中表示的字符。请将该文件保存为 Unicode 格式以防止数据丢失
  (编译源文件“fileutils.cpp”)
  
E:\home\git\private_github\WorldImporter\WorldImporter\config.h(1,1): warning C4819: 该文件包含不能在当前代码页(936)中表示的字符。请将该文件保存为 Unicode 格式以防止数据丢失
  (编译源文件“fileutils.cpp”)
  
E:\home\git\private_github\WorldImporter\WorldImporter\nbtutils.h(60,5): warning C4984: "if constexpr" 是一种 C++17 语言扩展
  (编译源文件“fileutils.cpp”)
  
E:\home\git\private_github\WorldImporter\WorldImporter\nbtutils.h(63,10): warning C4984: "if constexpr" 是一种 C++17 语言扩展
  (编译源文件“fileutils.cpp”)
  
E:\home\git\private_github\WorldImporter\WorldImporter\nbtutils.h(70,10): warning C4984: "if constexpr" 是一种 C++17 语言扩展
  (编译源文件“fileutils.cpp”)
  
E:\home\git\private_github\WorldImporter\WorldImporter\blockstate.h(1,1): warning C4819: 该文件包含不能在当前代码页(936)中表示的字符。请将该文件保存为 Unicode 格式以防止数据丢失
  (编译源文件“fileutils.cpp”)
  
E:\home\git\private_github\WorldImporter\WorldImporter\blockstate.h(9,10): error C1083: 无法打开包括文件: “nlohmann/json.hpp”: No such file or directory
  (编译源文件“fileutils.cpp”)
  
  GlobalCache.cpp
E:\home\git\private_github\WorldImporter\WorldImporter\GlobalCache.cpp(1,1): warning C4819: 该文件包含不能在当前代码页(936)中表示的字符。请将该文件保存为 Unicode 格式以防止数据丢失
E:\home\git\private_github\WorldImporter\WorldImporter\GlobalCache.h(1,1): warning C4819: 该文件包含不能在当前代码页(936)中表示的字符。请将该文件保存为 Unicode 格式以防止数据丢失
  (编译源文件“GlobalCache.cpp”)
  
E:\home\git\private_github\WorldImporter\WorldImporter\GlobalCache.h(5,10): error C1083: 无法打开包括文件: “nlohmann/json.hpp”: No such file or directory
  (编译源文件“GlobalCache.cpp”)
  
  JarReader.cpp
E:\home\git\private_github\WorldImporter\WorldImporter\JarReader.cpp(1,1): warning C4819: 该文件包含不能在当前代码页(936)中表示的字符。请将该文件保存为 Unicode 格式以防止数据丢失
E:\home\git\private_github\WorldImporter\WorldImporter\JarReader.h(1,1): warning C4819: 该文件包含不能在当前代码页(936)中表示的字符。请将该文件保存为 Unicode 格式以防止数据丢失
  (编译源文件“JarReader.cpp”)
  
E:\home\git\private_github\WorldImporter\WorldImporter\JarReader.h(4,10): error C1083: 无法打开包括文件: “zip.h”: No such file or directory
  (编译源文件“JarReader.cpp”)
  
  main.cpp
E:\home\git\private_github\WorldImporter\WorldImporter\config.h(1,1): warning C4819: 该文件包含不能在当前代码页(936)中表示的字符。请将该文件保存为 Unicode 格式以防止数据丢失
  (编译源文件“main.cpp”)
  
E:\home\git\private_github\WorldImporter\WorldImporter\biome.h(1,1): warning C4819: 该文件包含不能在当前代码页(936)中表示的字符。请将该文件保存为 Unicode 格式以防止数据丢失
  (编译源文件“main.cpp”)
  
E:\home\git\private_github\WorldImporter\WorldImporter\biome.h(7,10): error C1083: 无法打开包括文件: “nlohmann/json.hpp”: No such file or directory
  (编译源文件“main.cpp”)
  
  model.cpp
E:\home\git\private_github\WorldImporter\WorldImporter\model.cpp(1,1): warning C4819: 该文件包含不能在当前代码页(936)中表示的字符。请将该文件保存为 Unicode 格式以防止数据丢失
E:\home\git\private_github\WorldImporter\WorldImporter\model.h(1,1): warning C4819: 该文件包含不能在当前代码页(936)中表示的字符。请将该文件保存为 Unicode 格式以防止数据丢失
  (编译源文件“model.cpp”)
  
E:\home\git\private_github\WorldImporter\WorldImporter\model.h(9,10): error C1083: 无法打开包括文件: “nlohmann/json.hpp”: No such file or directory
  (编译源文件“model.cpp”)
  
  nbtutils.cpp
E:\home\git\private_github\WorldImporter\WorldImporter\nbtutils.h(60,5): warning C4984: "if constexpr" 是一种 C++17 语言扩展
  (编译源文件“nbtutils.cpp”)
  
E:\home\git\private_github\WorldImporter\WorldImporter\nbtutils.h(63,10): warning C4984: "if constexpr" 是一种 C++17 语言扩展
  (编译源文件“nbtutils.cpp”)
  
E:\home\git\private_github\WorldImporter\WorldImporter\nbtutils.h(70,10): warning C4984: "if constexpr" 是一种 C++17 语言扩展
  (编译源文件“nbtutils.cpp”)
  
E:\home\git\private_github\WorldImporter\WorldImporter\biome.h(1,1): warning C4819: 该文件包含不能在当前代码页(936)中表示的字符。请将该文件保存为 Unicode 格式以防止数据丢失
  (编译源文件“nbtutils.cpp”)
  
E:\home\git\private_github\WorldImporter\WorldImporter\biome.h(7,10): error C1083: 无法打开包括文件: “nlohmann/json.hpp”: No such file or directory
  (编译源文件“nbtutils.cpp”)
  
  objExporter.cpp
E:\home\git\private_github\WorldImporter\WorldImporter\objExporter.cpp(1,1): warning C4819: 该文件包含不能在当前代码页(936)中表示的字符。请将该文件保存为 Unicode 格式以防止数据丢失
E:\home\git\private_github\WorldImporter\WorldImporter\objExporter.h(9,10): error C1083: 无法打开包括文件: “nlohmann/json.hpp”: No such file or directory
  (编译源文件“objExporter.cpp”)
  
  PointCloudExporter.cpp
E:\home\git\private_github\WorldImporter\WorldImporter\PointCloudExporter.cpp(1,1): warning C4819: 该文件包含不能在当前代码页(936)中表示的字符。请将该文件保存为 Unicode 格式以防止数据丢失
E:\home\git\private_github\WorldImporter\WorldImporter\PointCloudExporter.h(1,1): warning C4819: 该文件包含不能在当前代码页(936)中表示的字符。请将该文件保存为 Unicode 格式以防止数据丢失
  (编译源文件“PointCloudExporter.cpp”)
  
E:\home\git\private_github\WorldImporter\WorldImporter\block.h(1,1): warning C4819: 该文件包含不能在当前代码页(936)中表示的字符。请将该文件保存为 Unicode 格式以防止数据丢失
  (编译源文件“PointCloudExporter.cpp”)
  
E:\home\git\private_github\WorldImporter\WorldImporter\config.h(1,1): warning C4819: 该文件包含不能在当前代码页(936)中表示的字符。请将该文件保存为 Unicode 格式以防止数据丢失
  (编译源文件“PointCloudExporter.cpp”)
  
E:\home\git\private_github\WorldImporter\WorldImporter\nbtutils.h(60,5): warning C4984: "if constexpr" 是一种 C++17 语言扩展
  (编译源文件“PointCloudExporter.cpp”)
  
E:\home\git\private_github\WorldImporter\WorldImporter\nbtutils.h(63,10): warning C4984: "if constexpr" 是一种 C++17 语言扩展
  (编译源文件“PointCloudExporter.cpp”)
  
E:\home\git\private_github\WorldImporter\WorldImporter\nbtutils.h(70,10): warning C4984: "if constexpr" 是一种 C++17 语言扩展
  (编译源文件“PointCloudExporter.cpp”)
  
E:\home\git\private_github\WorldImporter\WorldImporter\PointCloudExporter.h(11,10): error C1083: 无法打开包括文件: “nlohmann/json.hpp”: No such file or directory
  (编译源文件“PointCloudExporter.cpp”)
  
  RegionModelExporter.cpp
E:\home\git\private_github\WorldImporter\WorldImporter\RegionModelExporter.cpp(1,1): warning C4819: 该文件包含不能在当前代码页(936)中表示的字符。请将该文件保存为 Unicode 格式以防止数据丢失
E:\home\git\private_github\WorldImporter\WorldImporter\RegionModelExporter.h(1,1): warning C4819: 该文件包含不能在当前代码页(936)中表示的字符。请将该文件保存为 Unicode 格式以防止数据丢失
  (编译源文件“RegionModelExporter.cpp”)
  
E:\home\git\private_github\WorldImporter\WorldImporter\block.h(1,1): warning C4819: 该文件包含不能在当前代码页(936)中表示的字符。请将该文件保存为 Unicode 格式以防止数据丢失
  (编译源文件“RegionModelExporter.cpp”)
  
E:\home\git\private_github\WorldImporter\WorldImporter\config.h(1,1): warning C4819: 该文件包含不能在当前代码页(936)中表示的字符。请将该文件保存为 Unicode 格式以防止数据丢失
  (编译源文件“RegionModelExporter.cpp”)
  
E:\home\git\private_github\WorldImporter\WorldImporter\nbtutils.h(60,5): warning C4984: "if constexpr" 是一种 C++17 语言扩展
  (编译源文件“RegionModelExporter.cpp”)
  
E:\home\git\private_github\WorldImporter\WorldImporter\nbtutils.h(63,10): warning C4984: "if constexpr" 是一种 C++17 语言扩展
  (编译源文件“RegionModelExporter.cpp”)
  
E:\home\git\private_github\WorldImporter\WorldImporter\nbtutils.h(70,10): warning C4984: "if constexpr" 是一种 C++17 语言扩展
  (编译源文件“RegionModelExporter.cpp”)
  
E:\home\git\private_github\WorldImporter\WorldImporter\blockstate.h(1,1): warning C4819: 该文件包含不能在当前代码页(936)中表示的字符。请将该文件保存为 Unicode 格式以防止数据丢失
  (编译源文件“RegionModelExporter.cpp”)
  
E:\home\git\private_github\WorldImporter\WorldImporter\blockstate.h(9,10): error C1083: 无法打开包括文件: “nlohmann/json.hpp”: No such file or directory
  (编译源文件“RegionModelExporter.cpp”)
  
  texture.cpp
E:\home\git\private_github\WorldImporter\WorldImporter\texture.cpp(1,1): warning C4819: 该文件包含不能在当前代码页(936)中表示的字符。请将该文件保存为 Unicode 格式以防止数据丢失
E:\home\git\private_github\WorldImporter\WorldImporter\config.h(1,1): warning C4819: 该文件包含不能在当前代码页(936)中表示的字符。请将该文件保存为 Unicode 格式以防止数据丢失
  (编译源文件“texture.cpp”)
  
E:\home\git\private_github\WorldImporter\WorldImporter\nbtutils.h(60,5): warning C4984: "if constexpr" 是一种 C++17 语言扩展
  (编译源文件“texture.cpp”)
  
E:\home\git\private_github\WorldImporter\WorldImporter\nbtutils.h(63,10): warning C4984: "if constexpr" 是一种 C++17 语言扩展
  (编译源文件“texture.cpp”)
  
E:\home\git\private_github\WorldImporter\WorldImporter\nbtutils.h(70,10): warning C4984: "if constexpr" 是一种 C++17 语言扩展
  (编译源文件“texture.cpp”)
  
E:\home\git\private_github\WorldImporter\WorldImporter\JarReader.h(1,1): warning C4819: 该文件包含不能在当前代码页(936)中表示的字符。请将该文件保存为 Unicode 格式以防止数据丢失
  (编译源文件“texture.cpp”)
  
E:\home\git\private_github\WorldImporter\WorldImporter\JarReader.h(4,10): error C1083: 无法打开包括文件: “zip.h”: No such file or directory
  (编译源文件“texture.cpp”)
  
  version.cpp
E:\home\git\private_github\WorldImporter\WorldImporter\nbtutils.h(60,5): warning C4984: "if constexpr" 是一种 C++17 语言扩展
  (编译源文件“version.cpp”)
  
E:\home\git\private_github\WorldImporter\WorldImporter\nbtutils.h(63,10): warning C4984: "if constexpr" 是一种 C++17 语言扩展
  (编译源文件“version.cpp”)
  
E:\home\git\private_github\WorldImporter\WorldImporter\nbtutils.h(70,10): warning C4984: "if constexpr" 是一种 C++17 语言扩展
  (编译源文件“version.cpp”)
  
E:\home\git\private_github\WorldImporter\WorldImporter\JarReader.h(1,1): warning C4819: 该文件包含不能在当前代码页(936)中表示的字符。请将该文件保存为 Unicode 格式以防止数据丢失
  (编译源文件“version.cpp”)
  
E:\home\git\private_github\WorldImporter\WorldImporter\JarReader.h(4,10): error C1083: 无法打开包括文件: “zip.h”: No such file or directory
  (编译源文件“version.cpp”)
  
  源.cpp
  正在生成代码...
\源.cpp(1,1): error C1083: 无法打开源文件: “源.cpp”: No such file or directory
  (编译源文件“/源.cpp”)
  
